# JRE version: OpenJDK Runtime Environment (11.0.13) (build 11.0.13+0-b1751.21-8125866)
# Java VM: OpenJDK 64-Bit Server VM (11.0.13+0-b1751.21-8125866, mixed mode, tiered, compressed oops, g1 gc, windows-amd64)
Heap:
 garbage-first heap   total 286720K, used 156673K [0x0000000080000000, 0x0000000100000000)
  region size 1024K, 3 young (3072K), 3 survivors (3072K)
 Metaspace       used 98794K, capacity 101751K, committed 101884K, reserved 1138688K
  class space    used 12669K, capacity 13663K, committed 13772K, reserved 1048576K
GC Heap History (20 events):
Event: 284.475 GC heap after
{Heap after GC invocations=57 (full 0):
 garbage-first heap   total 164864K, used 139567K [0x0000000080000000, 0x0000000100000000)
  region size 1024K, 1 young (1024K), 1 survivors (1024K)
 Metaspace       used 80550K, capacity 83133K, committed 83452K, reserved 1122304K
  class space    used 10442K, capacity 11330K, committed 11468K, reserved 1048576K
}
Event: 284.545 GC heap before
{Heap before GC invocations=57 (full 0):
 garbage-first heap   total 164864K, used 146735K [0x0000000080000000, 0x0000000100000000)
  region size 1024K, 8 young (8192K), 1 survivors (1024K)
 Metaspace       used 80763K, capacity 83325K, committed 83708K, reserved 1122304K
  class space    used 10463K, capacity 11330K, committed 11468K, reserved 1048576K
}
Event: 284.548 GC heap after
{Heap after GC invocations=58 (full 0):
 garbage-first heap   total 198656K, used 139591K [0x0000000080000000, 0x0000000100000000)
  region size 1024K, 1 young (1024K), 1 survivors (1024K)
 Metaspace       used 80763K, capacity 83325K, committed 83708K, reserved 1122304K
  class space    used 10463K, capacity 11330K, committed 11468K, reserved 1048576K
}
Event: 284.718 GC heap before
{Heap before GC invocations=59 (full 0):
 garbage-first heap   total 198656K, used 158023K [0x0000000080000000, 0x0000000100000000)
  region size 1024K, 19 young (19456K), 1 survivors (1024K)
 Metaspace       used 81453K, capacity 84085K, committed 84220K, reserved 1122304K
  class space    used 10551K, capacity 11430K, committed 11468K, reserved 1048576K
}
Event: 284.721 GC heap after
{Heap after GC invocations=60 (full 0):
 garbage-first heap   total 198656K, used 139618K [0x0000000080000000, 0x0000000100000000)
  region size 1024K, 1 young (1024K), 1 survivors (1024K)
 Metaspace       used 81453K, capacity 84085K, committed 84220K, reserved 1122304K
  class space    used 10551K, capacity 11430K, committed 11468K, reserved 1048576K
}
Event: 284.746 GC heap before
{Heap before GC invocations=60 (full 0):
 garbage-first heap   total 198656K, used 139618K [0x0000000080000000, 0x0000000100000000)
  region size 1024K, 3 young (3072K), 1 survivors (1024K)
 Metaspace       used 81640K, capacity 84277K, committed 84476K, reserved 1122304K
  class space    used 10562K, capacity 11430K, committed 11468K, reserved 1048576K
}
Event: 284.749 GC heap after
{Heap after GC invocations=61 (full 0):
 garbage-first heap   total 198656K, used 140122K [0x0000000080000000, 0x0000000100000000)
  region size 1024K, 1 young (1024K), 1 survivors (1024K)
 Metaspace       used 81640K, capacity 84277K, committed 84476K, reserved 1122304K
  class space    used 10562K, capacity 11430K, committed 11468K, reserved 1048576K
}
Event: 285.299 GC heap before
{Heap before GC invocations=62 (full 0):
 garbage-first heap   total 198656K, used 160602K [0x0000000080000000, 0x0000000100000000)
  region size 1024K, 20 young (20480K), 1 survivors (1024K)
 Metaspace       used 84337K, capacity 86900K, committed 87036K, reserved 1124352K
  class space    used 10825K, capacity 11663K, committed 11724K, reserved 1048576K
}
Event: 285.302 GC heap after
{Heap after GC invocations=63 (full 0):
 garbage-first heap   total 198656K, used 140026K [0x0000000080000000, 0x0000000100000000)
  region size 1024K, 1 young (1024K), 1 survivors (1024K)
 Metaspace       used 84337K, capacity 86900K, committed 87036K, reserved 1124352K
  class space    used 10825K, capacity 11663K, committed 11724K, reserved 1048576K
}
Event: 285.857 GC heap before
{Heap before GC invocations=63 (full 0):
 garbage-first heap   total 198656K, used 161530K [0x0000000080000000, 0x0000000100000000)
  region size 1024K, 22 young (22528K), 1 survivors (1024K)
 Metaspace       used 86326K, capacity 88991K, committed 89212K, reserved 1126400K
  class space    used 11143K, capacity 12031K, committed 12108K, reserved 1048576K
}
Event: 285.865 GC heap after
{Heap after GC invocations=64 (full 0):
 garbage-first heap   total 238592K, used 141127K [0x0000000080000000, 0x0000000100000000)
  region size 1024K, 2 young (2048K), 2 survivors (2048K)
 Metaspace       used 86326K, capacity 88991K, committed 89212K, reserved 1126400K
  class space    used 11143K, capacity 12031K, committed 12108K, reserved 1048576K
}
Event: 287.131 GC heap before
{Heap before GC invocations=65 (full 0):
 garbage-first heap   total 238592K, used 177991K [0x0000000080000000, 0x0000000100000000)
  region size 1024K, 38 young (38912K), 2 survivors (2048K)
 Metaspace       used 90158K, capacity 92898K, committed 93052K, reserved 1130496K
  class space    used 11627K, capacity 12510K, committed 12620K, reserved 1048576K
}
Event: 287.141 GC heap after
{Heap after GC invocations=66 (full 0):
 garbage-first heap   total 238592K, used 143348K [0x0000000080000000, 0x0000000100000000)
  region size 1024K, 5 young (5120K), 5 survivors (5120K)
 Metaspace       used 90158K, capacity 92898K, committed 93052K, reserved 1130496K
  class space    used 11627K, capacity 12510K, committed 12620K, reserved 1048576K
}
Event: 288.472 GC heap before
{Heap before GC invocations=66 (full 0):
 garbage-first heap   total 238592K, used 181236K [0x0000000080000000, 0x0000000100000000)
  region size 1024K, 42 young (43008K), 5 survivors (5120K)
 Metaspace       used 94703K, capacity 97475K, committed 97788K, reserved 1134592K
  class space    used 12198K, capacity 13132K, committed 13260K, reserved 1048576K
}
Event: 288.486 GC heap after
{Heap after GC invocations=67 (full 0):
 garbage-first heap   total 238592K, used 145974K [0x0000000080000000, 0x0000000100000000)
  region size 1024K, 5 young (5120K), 5 survivors (5120K)
 Metaspace       used 94703K, capacity 97475K, committed 97788K, reserved 1134592K
  class space    used 12198K, capacity 13132K, committed 13260K, reserved 1048576K
}
Event: 290.942 GC heap before
{Heap before GC invocations=68 (full 0):
 garbage-first heap   total 238592K, used 183862K [0x0000000080000000, 0x0000000100000000)
  region size 1024K, 43 young (44032K), 5 survivors (5120K)
 Metaspace       used 98184K, capacity 101026K, committed 101244K, reserved 1136640K
  class space    used 12644K, capacity 13607K, committed 13644K, reserved 1048576K
}
Event: 290.951 GC heap after
{Heap after GC invocations=69 (full 0):
 garbage-first heap   total 238592K, used 149963K [0x0000000080000000, 0x0000000100000000)
  region size 1024K, 6 young (6144K), 6 survivors (6144K)
 Metaspace       used 98184K, capacity 101026K, committed 101244K, reserved 1136640K
  class space    used 12644K, capacity 13607K, committed 13644K, reserved 1048576K
}
Event: 291.553 GC heap before
{Heap before GC invocations=69 (full 0):
 garbage-first heap   total 238592K, used 187851K [0x0000000080000000, 0x0000000100000000)
  region size 1024K, 44 young (45056K), 6 survivors (6144K)
 Metaspace       used 98608K, capacity 101532K, committed 101884K, reserved 1138688K
  class space    used 12668K, capacity 13663K, committed 13772K, reserved 1048576K
}
Event: 291.571 GC heap after
{Heap after GC invocations=70 (full 0):
 garbage-first heap   total 238592K, used 154246K [0x0000000080000000, 0x0000000100000000)
  region size 1024K, 4 young (4096K), 4 survivors (4096K)
 Metaspace       used 98608K, capacity 101532K, committed 101884K, reserved 1138688K
  class space    used 12668K, capacity 13663K, committed 13772K, reserved 1048576K
}
Event: 292.215 GC heap before
{Heap before GC invocations=71 (full 0):
 garbage-first heap   total 238592K, used 191110K [0x0000000080000000, 0x0000000100000000)
  region size 1024K, 41 young (41984K), 4 survivors (4096K)
 Metaspace       used 98794K, capacity 101751K, committed 101884K, reserved 1138688K
  class space    used 12669K, capacity 13663K, committed 13772K, reserved 1048576K
}

